{
  "RSpec": {
    "coverage": {
      "/Users/ZaidMacBook/Dropbox/projects/ruby/tic_tac_toe_techtest/lib/tic_tac_toe.rb": [
        1,
        1,
        1,
        1,
        1,
        1,
        null,
        1,
        null
      ],
      "/Users/ZaidMacBook/Dropbox/projects/ruby/tic_tac_toe_techtest/lib/cell.rb": [
        1,
        1,
        1,
        null,
        1,
        336,
        null,
        null,
        null,
        null
      ],
      "/Users/ZaidMacBook/Dropbox/projects/ruby/tic_tac_toe_techtest/lib/board.rb": [
        1,
        1,
        1,
        null,
        1,
        37,
        null,
        null,
        1,
        33,
        null,
        null,
        1,
        1,
        null,
        null,
        1,
        11,
        6,
        3,
        null,
        null,
        1,
        1,
        null,
        null,
        1,
        2,
        24,
        null,
        null,
        null,
        1,
        null,
        1,
        481,
        null,
        null,
        null,
        1,
        20,
        null,
        null,
        1,
        5,
        29,
        27,
        null,
        2,
        null,
        null,
        1,
        224,
        null,
        null,
        1,
        5,
        null,
        null,
        1,
        5,
        null,
        null,
        null,
        1,
        0,
        null,
        null,
        null
      ],
      "/Users/ZaidMacBook/Dropbox/projects/ruby/tic_tac_toe_techtest/lib/player.rb": [
        1,
        1,
        1,
        null,
        1,
        38,
        37,
        null,
        null,
        null,
        null
      ],
      "/Users/ZaidMacBook/Dropbox/projects/ruby/tic_tac_toe_techtest/lib/computer.rb": [
        1,
        1,
        1,
        null,
        1,
        0,
        0,
        null,
        null,
        1,
        0,
        0,
        0,
        0,
        null,
        null,
        null,
        null,
        null
      ],
      "/Users/ZaidMacBook/Dropbox/projects/ruby/tic_tac_toe_techtest/lib/extensions.rb": [
        1,
        1,
        72,
        null,
        null,
        1,
        94,
        null,
        null,
        1,
        33,
        null,
        null,
        1,
        4,
        null,
        null
      ],
      "/Users/ZaidMacBook/Dropbox/projects/ruby/tic_tac_toe_techtest/lib/game.rb": [
        1,
        null,
        1,
        1,
        null,
        1,
        null,
        1,
        null,
        null,
        null,
        null,
        null,
        1,
        17,
        17,
        17,
        null,
        null,
        1,
        2,
        null,
        null,
        1,
        1,
        null,
        null,
        1,
        9,
        null,
        null,
        1,
        0,
        null,
        null,
        0,
        0,
        null,
        null,
        null,
        null,
        0,
        0,
        null,
        null,
        null,
        1,
        2,
        1,
        null,
        null,
        1,
        0,
        0,
        0,
        0,
        0,
        0,
        0,
        0,
        0,
        0,
        null,
        0,
        null,
        0,
        0,
        0,
        0,
        0,
        0,
        null,
        0,
        0,
        null,
        null,
        null,
        null,
        1,
        null,
        1,
        9,
        null,
        null,
        1,
        9,
        9,
        0,
        0,
        null,
        9,
        null,
        null,
        1,
        0,
        0,
        0,
        0,
        null,
        0,
        null,
        null,
        1,
        0,
        0,
        0,
        0,
        null,
        null,
        1,
        3,
        null,
        null,
        null,
        null,
        null,
        null,
        null,
        null,
        null,
        3,
        null,
        null,
        null
      ],
      "/Users/ZaidMacBook/Dropbox/projects/ruby/tic_tac_toe_techtest/spec/board_spec.rb": [
        1,
        1,
        1,
        3,
        2,
        13,
        2,
        6,
        6,
        5,
        null,
        1,
        1,
        2,
        null,
        null,
        1,
        1,
        null,
        null,
        1,
        1,
        3,
        null,
        null,
        null,
        null,
        1,
        1,
        1,
        null,
        null,
        null,
        1,
        1,
        1,
        null,
        null,
        null,
        1,
        1,
        0,
        null,
        1,
        1,
        1,
        null,
        null,
        null,
        1,
        1,
        2,
        1,
        null,
        null,
        1,
        2,
        2,
        1,
        null,
        null,
        1,
        2,
        2,
        1,
        null,
        null,
        1,
        2,
        1,
        null,
        null,
        1,
        2,
        2,
        1,
        null,
        null,
        1,
        2,
        2,
        1,
        null,
        null,
        1,
        1,
        null,
        null,
        null,
        null,
        1,
        1,
        null,
        null,
        1,
        1,
        null,
        null,
        null,
        null,
        1,
        1,
        null,
        null,
        1,
        1,
        null,
        null,
        null,
        null,
        1,
        1,
        null,
        null,
        1,
        1,
        null,
        null,
        null,
        null,
        1,
        1,
        null,
        null,
        1,
        1,
        null,
        null,
        null,
        null,
        1,
        1,
        null,
        null,
        null,
        1,
        1,
        1,
        null,
        null,
        null,
        1,
        1,
        1,
        null,
        null,
        1,
        1,
        null,
        null,
        null,
        null,
        null
      ],
      "/Users/ZaidMacBook/Dropbox/projects/ruby/tic_tac_toe_techtest/spec/cell_spec.rb": [
        1,
        1,
        1,
        1,
        1,
        null,
        null,
        1,
        1,
        1,
        null,
        null,
        1,
        1,
        1,
        null,
        null,
        null,
        null
      ],
      "/Users/ZaidMacBook/Dropbox/projects/ruby/tic_tac_toe_techtest/spec/computer_spec.rb": [

      ],
      "/Users/ZaidMacBook/Dropbox/projects/ruby/tic_tac_toe_techtest/spec/extensions_spec.rb": [
        1,
        3,
        3,
        3,
        null,
        1,
        1,
        1,
        null,
        null,
        1,
        1,
        null,
        null,
        1,
        1,
        null,
        null,
        null,
        1,
        1,
        1,
        null,
        null,
        1,
        1,
        null,
        null,
        1,
        1,
        null,
        null,
        null,
        1,
        1,
        1,
        null,
        null,
        1,
        1,
        null,
        null,
        null,
        1,
        1,
        1,
        null,
        null,
        1,
        1,
        null,
        null,
        null
      ],
      "/Users/ZaidMacBook/Dropbox/projects/ruby/tic_tac_toe_techtest/spec/game_spec.rb": [
        1,
        1,
        null,
        18,
        18,
        18,
        null,
        1,
        1,
        1,
        1,
        null,
        null,
        1,
        1,
        1,
        null,
        null,
        null,
        1,
        1,
        1,
        1,
        1,
        null,
        null,
        1,
        1,
        1,
        1,
        null,
        null,
        null,
        1,
        1,
        5,
        1,
        null,
        null,
        null,
        null,
        1,
        1,
        2,
        2,
        2,
        2,
        2,
        2,
        2,
        2,
        2,
        null,
        null,
        1,
        2,
        1,
        null,
        null,
        1,
        0,
        0,
        0,
        0,
        0,
        null,
        null,
        null,
        1,
        1,
        5,
        2,
        1,
        null,
        null,
        1,
        5,
        3,
        1,
        null,
        null,
        null,
        1,
        1,
        null,
        null,
        null,
        null,
        null,
        null
      ],
      "/Users/ZaidMacBook/Dropbox/projects/ruby/tic_tac_toe_techtest/spec/player_spec.rb": [
        1,
        1,
        4,
        null,
        1,
        1,
        2,
        null,
        null,
        1,
        2,
        null,
        null,
        null,
        1,
        1,
        1,
        null,
        null,
        null,
        1,
        1,
        1,
        null,
        null,
        null,
        null
      ]
    },
    "timestamp": 1452510855
  }
}
